<?xml version="1.0" encoding="UTF-8"?>
<!-- Generated by org.testng.reporters.JUnitReportReporter -->
<testsuite hostname="W10AP-SBABmlQtY" failures="0" tests="1" name="providerPortalVNSHealthPlans.verifyAllLinks" time="28.798" errors="0" timestamp="2023-06-16T09:30:08 EDT" skipped="0">
  <testcase classname="providerPortalVNSHealthPlans.verifyAllLinks" name="testRosters" time="28.798"/>
  <system-out/>
</testsuite> <!-- providerPortalVNSHealthPlans.verifyAllLinks -->
