<?xml version="1.0" encoding="UTF-8"?>
<!-- Generated by org.testng.reporters.JUnitReportReporter -->
<testsuite hostname="W10AP-SBABmlQtY" failures="0" tests="34" name="providerPortalVNSHealthPlans.verifyAllLinks" time="644.752" errors="0" timestamp="2023-06-22T15:44:18 EDT" skipped="0">
  <testcase classname="providerPortalVNSHealthPlans.verifyAllLinks" name="logIn" time="17.563"/>
  <system-out/>
  <testcase classname="providerPortalVNSHealthPlans.verifyAllLinks" name="logIn" time="15.054"/>
  <system-out/>
  <testcase classname="providerPortalVNSHealthPlans.verifyAllLinks" name="logIn" time="15.362"/>
  <system-out/>
  <testcase classname="providerPortalVNSHealthPlans.verifyAllLinks" name="logIn" time="19.945"/>
  <system-out/>
  <testcase classname="providerPortalVNSHealthPlans.verifyAllLinks" name="logIn" time="18.579"/>
  <system-out/>
  <testcase classname="providerPortalVNSHealthPlans.verifyAllLinks" name="logIn" time="17.095"/>
  <system-out/>
  <testcase classname="providerPortalVNSHealthPlans.verifyAllLinks" name="logIn" time="16.301"/>
  <system-out/>
  <testcase classname="providerPortalVNSHealthPlans.verifyAllLinks" name="logIn" time="14.901"/>
  <system-out/>
  <testcase classname="providerPortalVNSHealthPlans.verifyAllLinks" name="logIn" time="15.628"/>
  <system-out/>
  <testcase classname="providerPortalVNSHealthPlans.verifyAllLinks" name="logIn" time="14.866"/>
  <system-out/>
  <testcase classname="providerPortalVNSHealthPlans.verifyAllLinks" name="logIn" time="17.000"/>
  <system-out/>
  <testcase classname="providerPortalVNSHealthPlans.verifyAllLinks" name="logIn" time="15.043"/>
  <system-out/>
  <testcase classname="providerPortalVNSHealthPlans.verifyAllLinks" name="logIn" time="15.939"/>
  <system-out/>
  <testcase classname="providerPortalVNSHealthPlans.verifyAllLinks" name="logIn" time="15.024"/>
  <system-out/>
  <testcase classname="providerPortalVNSHealthPlans.verifyAllLinks" name="logIn" time="16.365"/>
  <system-out/>
  <testcase classname="providerPortalVNSHealthPlans.verifyAllLinks" name="logIn" time="16.445"/>
  <system-out/>
  <testcase classname="providerPortalVNSHealthPlans.verifyAllLinks" name="logIn" time="15.223"/>
  <system-out/>
  <testcase classname="providerPortalVNSHealthPlans.verifyAllLinks" name="verifyRosters" time="26.971"/>
  <system-out/>
  <testcase classname="providerPortalVNSHealthPlans.verifyAllLinks" name="verifyEligibilitySearch" time="24.573"/>
  <system-out/>
  <testcase classname="providerPortalVNSHealthPlans.verifyAllLinks" name="verifyEnrollmentRef" time="26.962"/>
  <system-out/>
  <testcase classname="providerPortalVNSHealthPlans.verifyAllLinks" name="verifyClaimsAndPayments" time="26.127"/>
  <system-out/>
  <testcase classname="providerPortalVNSHealthPlans.verifyAllLinks" name="verifyAuthorizations" time="27.330"/>
  <system-out/>
  <testcase classname="providerPortalVNSHealthPlans.verifyAllLinks" name="verifyProviderDirectory" time="15.579"/>
  <system-out/>
  <testcase classname="providerPortalVNSHealthPlans.verifyAllLinks" name="verifyFormularySearch" time="15.532"/>
  <system-out/>
  <testcase classname="providerPortalVNSHealthPlans.verifyAllLinks" name="verifyProviderToolkit" time="15.551"/>
  <system-out/>
  <testcase classname="providerPortalVNSHealthPlans.verifyAllLinks" name="verifyAppealsDisputes" time="21.591"/>
  <system-out/>
  <testcase classname="providerPortalVNSHealthPlans.verifyAllLinks" name="verifyCommunicationCenter" time="44.601"/>
  <system-out/>
  <testcase classname="providerPortalVNSHealthPlans.verifyAllLinks" name="verifyResources" time="10.620"/>
  <system-out/>
  <testcase classname="providerPortalVNSHealthPlans.verifyAllLinks" name="verifyMyAccount" time="21.410"/>
  <system-out/>
  <testcase classname="providerPortalVNSHealthPlans.verifyAllLinks" name="verifyLogOut" time="10.371"/>
  <system-out/>
  <testcase classname="providerPortalVNSHealthPlans.verifyAllLinks" name="verifyTermsOfUse" time="15.549"/>
  <system-out/>
  <testcase classname="providerPortalVNSHealthPlans.verifyAllLinks" name="verifyPrivacyPolicy" time="15.580"/>
  <system-out/>
  <testcase classname="providerPortalVNSHealthPlans.verifyAllLinks" name="verifyTechSupp" time="37.566"/>
  <system-out/>
  <testcase classname="providerPortalVNSHealthPlans.verifyAllLinks" name="verifyContactUs" time="12.506"/>
  <system-out/>
</testsuite> <!-- providerPortalVNSHealthPlans.verifyAllLinks -->
