<?xml version="1.0" encoding="UTF-8"?>
<!-- Generated by org.testng.reporters.JUnitReportReporter -->
<testsuite hostname="W10AP-SBABmlQtY" failures="0" tests="32" name="providerPortalVNSHealthPlans.verifyAllLinks" time="591.425" errors="0" timestamp="2023-06-22T20:26:21 EDT" skipped="0">
  <testcase classname="providerPortalVNSHealthPlans.verifyAllLinks" name="logIn" time="14.867"/>
  <system-out/>
  <testcase classname="providerPortalVNSHealthPlans.verifyAllLinks" name="logIn" time="14.664"/>
  <system-out/>
  <testcase classname="providerPortalVNSHealthPlans.verifyAllLinks" name="logIn" time="17.749"/>
  <system-out/>
  <testcase classname="providerPortalVNSHealthPlans.verifyAllLinks" name="logIn" time="15.223"/>
  <system-out/>
  <testcase classname="providerPortalVNSHealthPlans.verifyAllLinks" name="logIn" time="17.785"/>
  <system-out/>
  <testcase classname="providerPortalVNSHealthPlans.verifyAllLinks" name="logIn" time="15.374"/>
  <system-out/>
  <testcase classname="providerPortalVNSHealthPlans.verifyAllLinks" name="logIn" time="15.157"/>
  <system-out/>
  <testcase classname="providerPortalVNSHealthPlans.verifyAllLinks" name="logIn" time="16.940"/>
  <system-out/>
  <testcase classname="providerPortalVNSHealthPlans.verifyAllLinks" name="logIn" time="14.758"/>
  <system-out/>
  <testcase classname="providerPortalVNSHealthPlans.verifyAllLinks" name="logIn" time="16.991"/>
  <system-out/>
  <testcase classname="providerPortalVNSHealthPlans.verifyAllLinks" name="logIn" time="18.191"/>
  <system-out/>
  <testcase classname="providerPortalVNSHealthPlans.verifyAllLinks" name="logIn" time="14.794"/>
  <system-out/>
  <testcase classname="providerPortalVNSHealthPlans.verifyAllLinks" name="logIn" time="15.148"/>
  <system-out/>
  <testcase classname="providerPortalVNSHealthPlans.verifyAllLinks" name="logIn" time="14.934"/>
  <system-out/>
  <testcase classname="providerPortalVNSHealthPlans.verifyAllLinks" name="logIn" time="15.035"/>
  <system-out/>
  <testcase classname="providerPortalVNSHealthPlans.verifyAllLinks" name="logIn" time="15.743"/>
  <system-out/>
  <testcase classname="providerPortalVNSHealthPlans.verifyAllLinks" name="verifyEligibilitySearch" time="24.687"/>
  <system-out/>
  <testcase classname="providerPortalVNSHealthPlans.verifyAllLinks" name="verifyEnrollmentRef" time="27.169"/>
  <system-out/>
  <testcase classname="providerPortalVNSHealthPlans.verifyAllLinks" name="verifyClaimsAndPayments" time="22.160"/>
  <system-out/>
  <testcase classname="providerPortalVNSHealthPlans.verifyAllLinks" name="verifyAuthorizations" time="27.195"/>
  <system-out/>
  <testcase classname="providerPortalVNSHealthPlans.verifyAllLinks" name="verifyProviderDirectory" time="15.735"/>
  <system-out/>
  <testcase classname="providerPortalVNSHealthPlans.verifyAllLinks" name="verifyFormularySearch" time="15.713"/>
  <system-out/>
  <testcase classname="providerPortalVNSHealthPlans.verifyAllLinks" name="verifyProviderToolkit" time="15.556"/>
  <system-out/>
  <testcase classname="providerPortalVNSHealthPlans.verifyAllLinks" name="verifyAppealsDisputes" time="21.524"/>
  <system-out/>
  <testcase classname="providerPortalVNSHealthPlans.verifyAllLinks" name="verifyCommunicationCenter" time="44.911"/>
  <system-out/>
  <testcase classname="providerPortalVNSHealthPlans.verifyAllLinks" name="verifyResources" time="10.587"/>
  <system-out/>
  <testcase classname="providerPortalVNSHealthPlans.verifyAllLinks" name="verifyMyAccount" time="21.392"/>
  <system-out/>
  <testcase classname="providerPortalVNSHealthPlans.verifyAllLinks" name="verifyLogOut" time="10.390"/>
  <system-out/>
  <testcase classname="providerPortalVNSHealthPlans.verifyAllLinks" name="verifyTermsOfUse" time="15.470"/>
  <system-out/>
  <testcase classname="providerPortalVNSHealthPlans.verifyAllLinks" name="verifyPrivacyPolicy" time="15.487"/>
  <system-out/>
  <testcase classname="providerPortalVNSHealthPlans.verifyAllLinks" name="verifyTechSupp" time="37.636"/>
  <system-out/>
  <testcase classname="providerPortalVNSHealthPlans.verifyAllLinks" name="verifyContactUs" time="12.460"/>
  <system-out/>
</testsuite> <!-- providerPortalVNSHealthPlans.verifyAllLinks -->
