<?xml version="1.0" encoding="UTF-8"?>
<!-- Generated by org.testng.reporters.JUnitReportReporter -->
<testsuite hostname="W10AP-SBABmlQtY" failures="0" tests="1" name="providerPortalVNSHealthPlans.verifyAllLinks" time="5.229" errors="0" timestamp="2023-06-16T16:44:22 EDT" skipped="0">
  <testcase classname="providerPortalVNSHealthPlans.verifyAllLinks" name="verifyClaimsAndPayments" time="5.229"/>
  <system-out/>
</testsuite> <!-- providerPortalVNSHealthPlans.verifyAllLinks -->
